<?xml version="1.0" encoding="UTF-8"?>
<testng-results skipped="0" failed="0" ignored="0" total="1" passed="1">
  <reporter-output>
  </reporter-output>
  <suite name="Default suite" duration-ms="27306" started-at="2018-05-15T22:38:43Z" finished-at="2018-05-15T22:39:10Z">
    <groups>
    </groups>
    <test name="Default test" duration-ms="27306" started-at="2018-05-15T22:38:43Z" finished-at="2018-05-15T22:39:10Z">
      <class name="SELENIUM.DEMO.MAVEN.POM.runExplorer">
        <test-method status="PASS" signature="openExp()[pri:0, instance:SELENIUM.DEMO.MAVEN.POM.runExplorer@5442a311]" name="openExp" duration-ms="27247" started-at="2018-05-15T17:38:43Z" finished-at="2018-05-15T17:39:10Z">
          <reporter-output>
          </reporter-output>
        </test-method> <!-- openExp -->
      </class> <!-- SELENIUM.DEMO.MAVEN.POM.runExplorer -->
    </test> <!-- Default test -->
  </suite> <!-- Default suite -->
</testng-results>
