<?xml version="1.0" encoding="UTF-8"?>
<!-- Generated by org.testng.reporters.JUnitXMLReporter -->
<testsuite hostname="toshiba" ignored="0" name="Default test" tests="7" failures="0" timestamp="28 may 2018 21:51:09 GMT" time="34.511" errors="0">
  <testcase name="fillUserForm" time="5.367" classname="SELENIUM.DEMO.lecturaExcel.ExcelToDataProvider"/>
  <testcase name="fillUserForm" time="1.66" classname="SELENIUM.DEMO.lecturaExcel.ExcelToDataProvider"/>
  <testcase name="fillUserForm" time="0.005" classname="SELENIUM.DEMO.lecturaExcel.ExcelToDataProvider">
    <skipped/>
  </testcase> <!-- fillUserForm -->
  <testcase name="fillUserForm" time="0.002" classname="SELENIUM.DEMO.lecturaExcel.ExcelToDataProvider">
    <skipped/>
  </testcase> <!-- fillUserForm -->
  <testcase name="fillUserForm" time="0.001" classname="SELENIUM.DEMO.lecturaExcel.ExcelToDataProvider">
    <skipped/>
  </testcase> <!-- fillUserForm -->
  <testcase name="fillUserForm" time="0.001" classname="SELENIUM.DEMO.lecturaExcel.ExcelToDataProvider">
    <skipped/>
  </testcase> <!-- fillUserForm -->
  <testcase name="fillUserForm" time="0.001" classname="SELENIUM.DEMO.lecturaExcel.ExcelToDataProvider">
    <skipped/>
  </testcase> <!-- fillUserForm -->
</testsuite> <!-- Default test -->
