<?xml version="1.0" encoding="UTF-8"?>
<!-- Generated by org.testng.reporters.JUnitXMLReporter -->
<testsuite hostname="toshiba" ignored="3" name="Default test" tests="1" failures="0" timestamp="15 ago 2018 17:58:54 GMT" time="60.182" errors="0">
  <testcase name="test3" time="18.207" classname="SELENIUM.DEMO.AUTOMATIZACION.REGISTRO.TC_03_TiendaVerifLoginInvalidDatos"/>
  <testcase name="test4" time="0.0" classname="SELENIUM.DEMO.AUTOMATIZACION.REGISTRO.TC_03_TiendaVerifLoginInvalidDatos">
    <ignored/>
  </testcase> <!-- test4 -->
  <testcase name="test1" time="0.0" classname="SELENIUM.DEMO.AUTOMATIZACION.REGISTRO.TC_03_TiendaVerifLoginInvalidDatos">
    <ignored/>
  </testcase> <!-- test1 -->
  <testcase name="test2" time="0.0" classname="SELENIUM.DEMO.AUTOMATIZACION.REGISTRO.TC_03_TiendaVerifLoginInvalidDatos">
    <ignored/>
  </testcase> <!-- test2 -->
</testsuite> <!-- Default test -->
