<?xml version="1.0" encoding="UTF-8"?>
<!-- Generated by org.testng.reporters.JUnitXMLReporter -->
<testsuite hostname="toshiba" ignored="0" name="TC_01_Validar_Registros" tests="3" failures="0" timestamp="01 jun 2018 23:02:19 GMT" time="64.062" errors="0">
  <testcase name="verificarRegistroDatosCorrectos" time="8.713" classname="SELENIUM.DEMO.AUTOMATIZACION.REGISTRO.TC_01_Validar_Registros"/>
  <testcase name="vefificarRegistroConfirmaPassword" time="29.866" classname="SELENIUM.DEMO.AUTOMATIZACION.REGISTRO.TC_01_Validar_Registros"/>
  <testcase name="logueo" time="0.005" classname="SELENIUM.DEMO.AUTOMATIZACION.REGISTRO.TC_01_Validar_Registros"/>
</testsuite> <!-- TC_01_Validar_Registros -->
